2023-05-22 15:05:08 INFO  HomePage :31 - Clicking on homePage : [[ChromeDriver: chrome on WINDOWS (4bdf8b8f5fd7ab28f4ff111341dc68a5)] -> xpath: //button[contains(text(),'Home')]]
2023-05-22 15:05:81 INFO  HomePage :39 - Clicking on  bank Manager login tab : [[ChromeDriver: chrome on WINDOWS (4bdf8b8f5fd7ab28f4ff111341dc68a5)] -> xpath: //button[contains(text(),'Bank Manager Login')]]
2023-05-23 00:05:573 INFO  HomePage :25 - Click on Bank Manager Login Button[[ChromeDriver: chrome on WINDOWS (fc03dc8f5167e066321051afd571e95f)] -> xpath: //button[contains(text(),'Bank Manager Login')]]
2023-05-23 00:05:59 INFO  BankManagerLoginPage :27 - Click on Add Customer[[ChromeDriver: chrome on WINDOWS (fc03dc8f5167e066321051afd571e95f)] -> xpath: //body/div[3]/div[1]/div[2]/div[1]/div[1]/button[1]]
2023-05-23 00:05:306 INFO  AddCustomerPage :33 - Enter first name[[ChromeDriver: chrome on WINDOWS (fc03dc8f5167e066321051afd571e95f)] -> xpath: //input[@placeholder='First Name']]
2023-05-23 00:05:419 INFO  AddCustomerPage :38 - Enter last name[[ChromeDriver: chrome on WINDOWS (fc03dc8f5167e066321051afd571e95f)] -> xpath: //input[@placeholder='Last Name']]
2023-05-23 00:05:497 INFO  AddCustomerPage :43 - Enter Post code[[ChromeDriver: chrome on WINDOWS (fc03dc8f5167e066321051afd571e95f)] -> xpath: //input[@placeholder='Post Code']]
2023-05-23 00:05:577 INFO  AddCustomerPage :48 - Click on Add to Customer[[ChromeDriver: chrome on WINDOWS (fc03dc8f5167e066321051afd571e95f)] -> xpath: //button[@type='submit']]
2023-05-23 00:05:459 INFO  HomePage :25 - Click on Bank Manager Login Button[[ChromeDriver: chrome on WINDOWS (3c9cf66654545451e3896b6582fed40b)] -> xpath: //button[contains(text(),'Bank Manager Login')]]
2023-05-23 00:05:732 INFO  BankManagerLoginPage :32 - Click on Open Account[[ChromeDriver: chrome on WINDOWS (3c9cf66654545451e3896b6582fed40b)] -> xpath: //button[normalize-space()='Open Account']]
2023-05-23 00:05:26 INFO  OpenAccountPage :28 - Select Customer Name[[ChromeDriver: chrome on WINDOWS (3c9cf66654545451e3896b6582fed40b)] -> id: userSelect]
2023-05-23 00:05:140 INFO  OpenAccountPage :33 - Select Currency[[ChromeDriver: chrome on WINDOWS (3c9cf66654545451e3896b6582fed40b)] -> name: currency]
2023-05-23 00:05:229 INFO  OpenAccountPage :38 - Click on Process[[ChromeDriver: chrome on WINDOWS (3c9cf66654545451e3896b6582fed40b)] -> css selector: button[type='submit']]
2023-05-23 00:05:299 INFO  HomePage :30 - Click on Customer Login Button[[ChromeDriver: chrome on WINDOWS (aad3575f53797caa5bb96d2a776e4398)] -> xpath: //button[normalize-space()='Customer Login']]
2023-05-23 00:05:621 INFO  CustomerLoginPage :29 - Select Customer[[ChromeDriver: chrome on WINDOWS (aad3575f53797caa5bb96d2a776e4398)] -> xpath: //select[@id='userSelect']]
2023-05-23 00:05:748 INFO  CustomerLoginPage :34 - Click on Login Button[[ChromeDriver: chrome on WINDOWS (aad3575f53797caa5bb96d2a776e4398)] -> xpath: //button[normalize-space()='Login']]
2023-05-23 00:05:09 INFO  AccountPage :48 - Verify text log out[[ChromeDriver: chrome on WINDOWS (aad3575f53797caa5bb96d2a776e4398)] -> xpath: //button[@class='btn logout']]
2023-05-23 00:05:54 INFO  AccountPage :53 - Click on logout button[[ChromeDriver: chrome on WINDOWS (aad3575f53797caa5bb96d2a776e4398)] -> xpath: //button[@class='btn logout']]
2023-05-23 00:05:131 INFO  CustomerLoginPage :39 - Verify Text Your Name[[ChromeDriver: chrome on WINDOWS (aad3575f53797caa5bb96d2a776e4398)] -> xpath: //label[normalize-space()='Your Name :']]
2023-05-23 00:05:582 INFO  HomePage :30 - Click on Customer Login Button[[ChromeDriver: chrome on WINDOWS (86be1d55ec6c03696e8c34f88d42ce33)] -> xpath: //button[normalize-space()='Customer Login']]
2023-05-23 00:05:862 INFO  CustomerLoginPage :29 - Select Customer[[ChromeDriver: chrome on WINDOWS (86be1d55ec6c03696e8c34f88d42ce33)] -> xpath: //select[@id='userSelect']]
2023-05-23 00:05:999 INFO  CustomerLoginPage :34 - Click on Login Button[[ChromeDriver: chrome on WINDOWS (86be1d55ec6c03696e8c34f88d42ce33)] -> xpath: //button[normalize-space()='Login']]
2023-05-23 00:05:354 INFO  AccountPage :58 - Click on deposit button[[ChromeDriver: chrome on WINDOWS (86be1d55ec6c03696e8c34f88d42ce33)] -> xpath: (//button[@class='btn btn-lg tab'])[2]]
2023-05-23 00:05:723 INFO  AccountPage :63 - Enter amount to Deposit[[ChromeDriver: chrome on WINDOWS (86be1d55ec6c03696e8c34f88d42ce33)] -> xpath: //input[@placeholder='amount']]
2023-05-23 00:05:820 INFO  AccountPage :68 - Click on Deposit[[ChromeDriver: chrome on WINDOWS (86be1d55ec6c03696e8c34f88d42ce33)] -> xpath: //button[text()='Deposit']]
2023-05-23 00:05:64 INFO  AccountPage :73 - Verify text Deposit successful[[ChromeDriver: chrome on WINDOWS (86be1d55ec6c03696e8c34f88d42ce33)] -> xpath: //span[contains(text(),'Deposit Successful')]]
2023-05-23 00:05:952 INFO  HomePage :30 - Click on Customer Login Button[[ChromeDriver: chrome on WINDOWS (abdee7a7ecf8ad2bb1dab0b10e470fcd)] -> xpath: //button[normalize-space()='Customer Login']]
2023-05-23 00:05:269 INFO  CustomerLoginPage :29 - Select Customer[[ChromeDriver: chrome on WINDOWS (abdee7a7ecf8ad2bb1dab0b10e470fcd)] -> xpath: //select[@id='userSelect']]
2023-05-23 00:05:377 INFO  CustomerLoginPage :34 - Click on Login Button[[ChromeDriver: chrome on WINDOWS (abdee7a7ecf8ad2bb1dab0b10e470fcd)] -> xpath: //button[normalize-space()='Login']]
2023-05-23 00:05:757 INFO  AccountPage :78 - Click on Withdraw button[[ChromeDriver: chrome on WINDOWS (abdee7a7ecf8ad2bb1dab0b10e470fcd)] -> xpath: //button[@ng-click='withdrawl()']]
2023-05-23 00:05:08 INFO  AccountPage :83 - Enter Amount to withdraw[[ChromeDriver: chrome on WINDOWS (abdee7a7ecf8ad2bb1dab0b10e470fcd)] -> xpath: //input[@placeholder='amount']]
2023-05-23 00:05:102 INFO  AccountPage :88 - Click on withdrawal[[ChromeDriver: chrome on WINDOWS (abdee7a7ecf8ad2bb1dab0b10e470fcd)] -> xpath: //button[text()='Withdraw']]
2023-05-23 00:05:179 INFO  AccountPage :93 - Verify text transaction successful[[ChromeDriver: chrome on WINDOWS (abdee7a7ecf8ad2bb1dab0b10e470fcd)] -> xpath: //span[contains(text(),'Transaction successful')]]
2023-05-23 00:05:528 INFO  HomePage :25 - Click on Bank Manager Login Button[[ChromeDriver: chrome on WINDOWS (5fa01cf12fa7504b47a291dc881e1658)] -> xpath: //button[contains(text(),'Bank Manager Login')]]
2023-05-23 00:05:03 INFO  BankManagerLoginPage :27 - Click on Add Customer[[ChromeDriver: chrome on WINDOWS (5fa01cf12fa7504b47a291dc881e1658)] -> xpath: //body/div[3]/div[1]/div[2]/div[1]/div[1]/button[1]]
2023-05-23 00:05:245 INFO  AddCustomerPage :33 - Enter first name[[ChromeDriver: chrome on WINDOWS (5fa01cf12fa7504b47a291dc881e1658)] -> xpath: //input[@placeholder='First Name']]
2023-05-23 00:05:375 INFO  AddCustomerPage :38 - Enter last name[[ChromeDriver: chrome on WINDOWS (5fa01cf12fa7504b47a291dc881e1658)] -> xpath: //input[@placeholder='Last Name']]
2023-05-23 00:05:477 INFO  AddCustomerPage :43 - Enter Post code[[ChromeDriver: chrome on WINDOWS (5fa01cf12fa7504b47a291dc881e1658)] -> xpath: //input[@placeholder='Post Code']]
2023-05-23 00:05:615 INFO  AddCustomerPage :48 - Click on Add to Customer[[ChromeDriver: chrome on WINDOWS (5fa01cf12fa7504b47a291dc881e1658)] -> xpath: //button[@type='submit']]
2023-05-23 00:05:105 INFO  HomePage :25 - Click on Bank Manager Login Button[[ChromeDriver: chrome on WINDOWS (bd4fa7d60300ae50f039f5a58eb90932)] -> xpath: //button[contains(text(),'Bank Manager Login')]]
2023-05-23 00:05:436 INFO  BankManagerLoginPage :32 - Click on Open Account[[ChromeDriver: chrome on WINDOWS (bd4fa7d60300ae50f039f5a58eb90932)] -> xpath: //button[normalize-space()='Open Account']]
2023-05-23 00:05:713 INFO  OpenAccountPage :28 - Select Customer Name[[ChromeDriver: chrome on WINDOWS (bd4fa7d60300ae50f039f5a58eb90932)] -> id: userSelect]
2023-05-23 00:05:122 INFO  OpenAccountPage :33 - Select Currency[[ChromeDriver: chrome on WINDOWS (bd4fa7d60300ae50f039f5a58eb90932)] -> name: currency]
2023-05-23 00:05:307 INFO  OpenAccountPage :38 - Click on Process[[ChromeDriver: chrome on WINDOWS (bd4fa7d60300ae50f039f5a58eb90932)] -> css selector: button[type='submit']]
